<?xml version="1.0" encoding="UTF-8"?>
<!-- Generated by org.testng.reporters.JUnitXMLReporter -->
<testsuite ignored="0" hostname="Venkateswaras-MacBook-Air.local" failures="0" tests="3" name="Default test" time="32.694" errors="0" timestamp="2021-05-07T01:04:25 EDT">
  <testcase classname="testcases.Log4jTest" name="lockIconTest" time="1.646"/>
  <testcase classname="testcases.Log4jTest" name="loginPageTitleTest" time="0.028"/>
  <testcase classname="testcases.Log4jTest" name="userIconTest" time="1.752"/>
</testsuite> <!-- Default test -->
